>> create a new article
{"data"=>
  {"id"=>"e267f395-ff45-45c9-9405-6c60839669a0",
   "title"=>"dRuby Client",
   "description"=>"",
   "price"=>"0.99e0"}}

>> query articles
{"data"=>
  [{"id"=>"09b97aee-a655-4edd-ae40-6f34d27efa15",
    "title"=>"dRuby",
    "description"=>"dRuby Book",
    "price"=>"0.999e1"},
   {"id"=>"a072d41e-0762-416b-8a55-ad4076105eae",
    "title"=>"RRack",
    "description"=>"RRack Book",
    "price"=>"0.999e1"},
   {"id"=>"b48e5d55-178d-4c74-8cde-d5b5a9333516",
    "title"=>"Redis",
    "description"=>"Redis Book",
    "price"=>"0.999e1"},
   {"id"=>"66ae68d3-5c55-496b-81f4-57d5390f33c2",
    "title"=>"Mongo",
    "description"=>"Mongo Book",
    "price"=>"0.999e1"},
   {"id"=>"c46103b9-fc8e-4613-93bf-1165c91bb21b",
    "title"=>"Docker",
    "description"=>"Docker Book",
    "price"=>"0.999e1"},
   {"id"=>"bb0bc12a-06d5-40a7-afed-a9046deb4588",
    "title"=>"The Clean Architecture",
    "description"=>"The Book!",
    "price"=>"0.999e1"},
   {"id"=>"e4cff4a8-2eb6-4c72-b7c4-2fe37d3eb6a6",
    "title"=>"Introducing Go",
    "description"=>"Interesting",
    "price"=>"0.999e1"},
   {"id"=>"4dedefee-f1eb-443b-82c9-fa2bdf23dc13",
    "title"=>"DDD with Golang",
    "description"=>"Promising",
    "price"=>"0.999e1"},
   {"id"=>"e267f395-ff45-45c9-9405-6c60839669a0",
    "title"=>"dRuby Client",
    "description"=>"",
    "price"=>"0.99e0"}]}

>> query articles [:title, :eq, 'dRuby']
{"data"=>
  [{"id"=>"09b97aee-a655-4edd-ae40-6f34d27efa15",
    "title"=>"dRuby",
    "description"=>"dRuby Book",
    "price"=>"0.999e1"}]}

>> query articles [:title, :match, 'Ruby']
{"data"=>
  [{"id"=>"09b97aee-a655-4edd-ae40-6f34d27efa15",
    "title"=>"dRuby",
    "description"=>"dRuby Book",
    "price"=>"0.999e1"},
   {"id"=>"e267f395-ff45-45c9-9405-6c60839669a0",
    "title"=>"dRuby Client",
    "description"=>"",
    "price"=>"0.99e0"}]}

>> create a new John's order
{"data"=>
  {"id"=>"455c04a7-6541-41f6-9160-582204a8f4f2",
   "created_by"=>"49d20bd3-d561-480c-8d0d-4a61a0fdecc5",
   "created_at"=>"2023-02-06 12:38:29 +0200",
   "user_name"=>"John",
   "status"=>"new",
   "status_at"=>"2023-02-06 12:38:29 +0200",
   "total"=>"0.1998e2",
   "articles"=>
    [{"article_id"=>"09b97aee-a655-4edd-ae40-6f34d27efa15",
      "title"=>"dRuby",
      "quantity"=>1,
      "price"=>9.99,
      "total"=>"0.999e1"},
     {"article_id"=>"e267f395-ff45-45c9-9405-6c60839669a0",
      "title"=>"dRuby Client",
      "quantity"=>1,
      "price"=>9.99,
      "total"=>"0.999e1"}]}}

>> query orders
{"data"=>
  [{"id"=>"03e3205a-a916-41c2-814d-156b1b856f1c",
    "created_by"=>"49d20bd3-d561-480c-8d0d-4a61a0fdecc5",
    "created_at"=>"2023-02-06 12:37:34 +0200",
    "user_name"=>"John",
    "status"=>"new",
    "status_at"=>"2023-02-06 12:37:34 +0200",
    "total"=>"0.2997e2",
    "articles"=>
     [{"article_id"=>"09b97aee-a655-4edd-ae40-6f34d27efa15",
       "title"=>"dRuby",
       "quantity"=>1,
       "price"=>9.99,
       "total"=>"0.999e1"},
      {"article_id"=>"a072d41e-0762-416b-8a55-ad4076105eae",
       "title"=>"RRack",
       "quantity"=>1,
       "price"=>9.99,
       "total"=>"0.999e1"},
      {"article_id"=>"b48e5d55-178d-4c74-8cde-d5b5a9333516",
       "title"=>"Redis",
       "quantity"=>1,
       "price"=>9.99,
       "total"=>"0.999e1"}]},
   {"id"=>"d70154d2-6f1a-4ad3-ad97-c4a22d39706e",
    "created_by"=>"b449ce08-c4ae-4855-b570-eeaf359c8e8b",
    "created_at"=>"2023-02-06 12:37:34 +0200",
    "user_name"=>"Jane",
    "status"=>"new",
    "status_at"=>"2023-02-06 12:37:34 +0200",
    "total"=>"0.2997e2",
    "articles"=>
     [{"article_id"=>"09b97aee-a655-4edd-ae40-6f34d27efa15",
       "title"=>"dRuby",
       "quantity"=>1,
       "price"=>9.99,
       "total"=>"0.999e1"},
      {"article_id"=>"a072d41e-0762-416b-8a55-ad4076105eae",
       "title"=>"RRack",
       "quantity"=>1,
       "price"=>9.99,
       "total"=>"0.999e1"},
      {"article_id"=>"b48e5d55-178d-4c74-8cde-d5b5a9333516",
       "title"=>"Redis",
       "quantity"=>1,
       "price"=>9.99,
       "total"=>"0.999e1"}]},
   {"id"=>"455c04a7-6541-41f6-9160-582204a8f4f2",
    "created_by"=>"49d20bd3-d561-480c-8d0d-4a61a0fdecc5",
    "created_at"=>"2023-02-06 12:38:29 +0200",
    "user_name"=>"John",
    "status"=>"new",
    "status_at"=>"2023-02-06 12:38:29 +0200",
    "total"=>"0.1998e2",
    "articles"=>
     [{"article_id"=>"09b97aee-a655-4edd-ae40-6f34d27efa15",
       "title"=>"dRuby",
       "quantity"=>1,
       "price"=>9.99,
       "total"=>"0.999e1"},
      {"article_id"=>"e267f395-ff45-45c9-9405-6c60839669a0",
       "title"=>"dRuby Client",
       "quantity"=>1,
       "price"=>9.99,
       "total"=>"0.999e1"}]}]}

>> unknown action
{"error"=>"unknown service :unknown_action"}
